{"D:\\filework\\excel-to-diagram\\src\\services\\draftPersistService.js": {"path":"D:\\filework\\excel-to-diagram\\src\\services\\draftPersistService.js","all":false,"statementMap":{"0":{"start":{"line":1,"column":0},"end":{"line":1,"column":3}},"1":{"start":{"line":2,"column":0},"end":{"line":2,"column":41}},"2":{"start":{"line":3,"column":0},"end":{"line":3,"column":2}},"3":{"start":{"line":4,"column":0},"end":{"line":4,"column":58}},"4":{"start":{"line":5,"column":0},"end":{"line":5,"column":25}},"5":{"start":{"line":6,"column":0},"end":{"line":6,"column":2}},"6":{"start":{"line":7,"column":0},"end":{"line":7,"column":10}},"7":{"start":{"line":8,"column":0},"end":{"line":8,"column":56}},"8":{"start":{"line":9,"column":0},"end":{"line":9,"column":61}},"9":{"start":{"line":10,"column":0},"end":{"line":10,"column":28}},"10":{"start":{"line":11,"column":0},"end":{"line":11,"column":69}},"11":{"start":{"line":12,"column":0},"end":{"line":12,"column":2}},"12":{"start":{"line":13,"column":0},"end":{"line":13,"column":10}},"13":{"start":{"line":14,"column":0},"end":{"line":14,"column":38}},"14":{"start":{"line":15,"column":0},"end":{"line":15,"column":58}},"15":{"start":{"line":16,"column":0},"end":{"line":16,"column":33}},"16":{"start":{"line":17,"column":0},"end":{"line":17,"column":42}},"17":{"start":{"line":18,"column":0},"end":{"line":18,"column":42}},"18":{"start":{"line":19,"column":0},"end":{"line":19,"column":2}},"19":{"start":{"line":20,"column":0},"end":{"line":20,"column":10}},"20":{"start":{"line":21,"column":0},"end":{"line":21,"column":43}},"21":{"start":{"line":22,"column":0},"end":{"line":22,"column":45}},"22":{"start":{"line":23,"column":0},"end":{"line":23,"column":37}},"23":{"start":{"line":24,"column":0},"end":{"line":24,"column":74}},"24":{"start":{"line":25,"column":0},"end":{"line":25,"column":39}},"25":{"start":{"line":26,"column":0},"end":{"line":26,"column":3}},"27":{"start":{"line":28,"column":0},"end":{"line":28,"column":3}},"28":{"start":{"line":29,"column":0},"end":{"line":29,"column":14}},"29":{"start":{"line":30,"column":0},"end":{"line":30,"column":8}},"30":{"start":{"line":31,"column":0},"end":{"line":31,"column":24}},"31":{"start":{"line":32,"column":0},"end":{"line":32,"column":44}},"32":{"start":{"line":33,"column":0},"end":{"line":33,"column":2}},"33":{"start":{"line":34,"column":0},"end":{"line":34,"column":36}},"34":{"start":{"line":35,"column":0},"end":{"line":35,"column":39}},"35":{"start":{"line":36,"column":0},"end":{"line":36,"column":21}},"36":{"start":{"line":37,"column":0},"end":{"line":37,"column":3}},"37":{"start":{"line":38,"column":0},"end":{"line":38,"column":56}},"38":{"start":{"line":39,"column":0},"end":{"line":39,"column":42}},"39":{"start":{"line":40,"column":0},"end":{"line":40,"column":41}},"40":{"start":{"line":41,"column":0},"end":{"line":41,"column":45}},"41":{"start":{"line":42,"column":0},"end":{"line":42,"column":4}},"42":{"start":{"line":43,"column":0},"end":{"line":43,"column":1}},"44":{"start":{"line":45,"column":0},"end":{"line":45,"column":3}},"45":{"start":{"line":46,"column":0},"end":{"line":46,"column":21}},"46":{"start":{"line":47,"column":0},"end":{"line":47,"column":8}},"47":{"start":{"line":48,"column":0},"end":{"line":48,"column":42}},"48":{"start":{"line":49,"column":0},"end":{"line":49,"column":22}},"49":{"start":{"line":50,"column":0},"end":{"line":50,"column":18}},"50":{"start":{"line":51,"column":0},"end":{"line":51,"column":16}},"51":{"start":{"line":52,"column":0},"end":{"line":52,"column":30}},"52":{"start":{"line":53,"column":0},"end":{"line":53,"column":2}},"53":{"start":{"line":54,"column":0},"end":{"line":54,"column":34}},"54":{"start":{"line":55,"column":0},"end":{"line":55,"column":36}},"55":{"start":{"line":56,"column":0},"end":{"line":56,"column":28}},"56":{"start":{"line":57,"column":0},"end":{"line":57,"column":28}},"57":{"start":{"line":58,"column":0},"end":{"line":58,"column":3}},"58":{"start":{"line":59,"column":0},"end":{"line":59,"column":58}},"59":{"start":{"line":60,"column":0},"end":{"line":60,"column":20}},"61":{"start":{"line":62,"column":0},"end":{"line":62,"column":24}},"62":{"start":{"line":63,"column":0},"end":{"line":63,"column":35}},"63":{"start":{"line":64,"column":0},"end":{"line":64,"column":37}},"64":{"start":{"line":65,"column":0},"end":{"line":65,"column":53}},"65":{"start":{"line":66,"column":0},"end":{"line":66,"column":58}},"66":{"start":{"line":67,"column":0},"end":{"line":67,"column":71}},"67":{"start":{"line":68,"column":0},"end":{"line":68,"column":31}},"68":{"start":{"line":69,"column":0},"end":{"line":69,"column":7}},"69":{"start":{"line":70,"column":0},"end":{"line":70,"column":6}},"70":{"start":{"line":71,"column":0},"end":{"line":71,"column":3}},"72":{"start":{"line":73,"column":0},"end":{"line":73,"column":24}},"73":{"start":{"line":74,"column":0},"end":{"line":74,"column":63}},"74":{"start":{"line":75,"column":0},"end":{"line":75,"column":43}},"75":{"start":{"line":76,"column":0},"end":{"line":76,"column":33}},"76":{"start":{"line":77,"column":0},"end":{"line":77,"column":3}},"78":{"start":{"line":79,"column":0},"end":{"line":79,"column":16}},"79":{"start":{"line":80,"column":0},"end":{"line":80,"column":1}},"81":{"start":{"line":82,"column":0},"end":{"line":82,"column":3}},"82":{"start":{"line":83,"column":0},"end":{"line":83,"column":20}},"83":{"start":{"line":84,"column":0},"end":{"line":84,"column":2}},"84":{"start":{"line":85,"column":0},"end":{"line":85,"column":6}},"85":{"start":{"line":86,"column":0},"end":{"line":86,"column":22}},"86":{"start":{"line":87,"column":0},"end":{"line":87,"column":36}},"87":{"start":{"line":88,"column":0},"end":{"line":88,"column":23}},"88":{"start":{"line":89,"column":0},"end":{"line":89,"column":32}},"89":{"start":{"line":90,"column":0},"end":{"line":90,"column":2}},"90":{"start":{"line":91,"column":0},"end":{"line":91,"column":27}},"91":{"start":{"line":92,"column":0},"end":{"line":92,"column":22}},"92":{"start":{"line":93,"column":0},"end":{"line":93,"column":14}},"93":{"start":{"line":94,"column":0},"end":{"line":94,"column":45}},"94":{"start":{"line":95,"column":0},"end":{"line":95,"column":54}},"95":{"start":{"line":96,"column":0},"end":{"line":96,"column":5}},"96":{"start":{"line":97,"column":0},"end":{"line":97,"column":3}},"97":{"start":{"line":98,"column":0},"end":{"line":98,"column":50}},"98":{"start":{"line":99,"column":0},"end":{"line":99,"column":19}},"99":{"start":{"line":100,"column":0},"end":{"line":100,"column":21}},"101":{"start":{"line":102,"column":0},"end":{"line":102,"column":56}},"102":{"start":{"line":103,"column":0},"end":{"line":103,"column":34}},"103":{"start":{"line":104,"column":0},"end":{"line":104,"column":50}},"104":{"start":{"line":105,"column":0},"end":{"line":105,"column":75}},"105":{"start":{"line":106,"column":0},"end":{"line":106,"column":51}},"107":{"start":{"line":108,"column":0},"end":{"line":108,"column":50}},"108":{"start":{"line":109,"column":0},"end":{"line":109,"column":17}},"109":{"start":{"line":110,"column":0},"end":{"line":110,"column":21}},"110":{"start":{"line":111,"column":0},"end":{"line":111,"column":64}},"111":{"start":{"line":112,"column":0},"end":{"line":112,"column":7}},"112":{"start":{"line":113,"column":0},"end":{"line":113,"column":53}},"113":{"start":{"line":114,"column":0},"end":{"line":114,"column":14}},"114":{"start":{"line":115,"column":0},"end":{"line":115,"column":5}},"116":{"start":{"line":117,"column":0},"end":{"line":117,"column":21}},"117":{"start":{"line":118,"column":0},"end":{"line":118,"column":60}},"118":{"start":{"line":119,"column":0},"end":{"line":119,"column":69}},"119":{"start":{"line":120,"column":0},"end":{"line":120,"column":3}},"121":{"start":{"line":122,"column":0},"end":{"line":122,"column":29}},"122":{"start":{"line":123,"column":0},"end":{"line":123,"column":1}},"124":{"start":{"line":125,"column":0},"end":{"line":125,"column":3}},"125":{"start":{"line":126,"column":0},"end":{"line":126,"column":21}},"126":{"start":{"line":127,"column":0},"end":{"line":127,"column":2}},"127":{"start":{"line":128,"column":0},"end":{"line":128,"column":8}},"128":{"start":{"line":129,"column":0},"end":{"line":129,"column":28}},"129":{"start":{"line":130,"column":0},"end":{"line":130,"column":44}},"130":{"start":{"line":131,"column":0},"end":{"line":131,"column":25}},"131":{"start":{"line":132,"column":0},"end":{"line":132,"column":23}},"132":{"start":{"line":133,"column":0},"end":{"line":133,"column":48}},"133":{"start":{"line":134,"column":0},"end":{"line":134,"column":40}},"134":{"start":{"line":135,"column":0},"end":{"line":135,"column":2}},"135":{"start":{"line":136,"column":0},"end":{"line":136,"column":39}},"136":{"start":{"line":137,"column":0},"end":{"line":137,"column":48}},"137":{"start":{"line":138,"column":0},"end":{"line":138,"column":30}},"138":{"start":{"line":139,"column":0},"end":{"line":139,"column":2}},"139":{"start":{"line":140,"column":0},"end":{"line":140,"column":25}},"140":{"start":{"line":141,"column":0},"end":{"line":141,"column":36}},"141":{"start":{"line":142,"column":0},"end":{"line":142,"column":34}},"142":{"start":{"line":143,"column":0},"end":{"line":143,"column":63}},"143":{"start":{"line":144,"column":0},"end":{"line":144,"column":66}},"144":{"start":{"line":145,"column":0},"end":{"line":145,"column":60}},"145":{"start":{"line":146,"column":0},"end":{"line":146,"column":22}},"146":{"start":{"line":147,"column":0},"end":{"line":147,"column":22}},"147":{"start":{"line":148,"column":0},"end":{"line":148,"column":21}},"148":{"start":{"line":149,"column":0},"end":{"line":149,"column":21}},"149":{"start":{"line":150,"column":0},"end":{"line":150,"column":20}},"150":{"start":{"line":151,"column":0},"end":{"line":151,"column":22}},"151":{"start":{"line":152,"column":0},"end":{"line":152,"column":46}},"152":{"start":{"line":153,"column":0},"end":{"line":153,"column":6}},"153":{"start":{"line":154,"column":0},"end":{"line":154,"column":3}},"154":{"start":{"line":155,"column":0},"end":{"line":155,"column":37}},"155":{"start":{"line":156,"column":0},"end":{"line":156,"column":13}},"156":{"start":{"line":157,"column":0},"end":{"line":157,"column":14}},"157":{"start":{"line":158,"column":0},"end":{"line":158,"column":7}},"158":{"start":{"line":159,"column":0},"end":{"line":159,"column":11}},"159":{"start":{"line":160,"column":0},"end":{"line":160,"column":21}},"160":{"start":{"line":161,"column":0},"end":{"line":161,"column":9}},"161":{"start":{"line":162,"column":0},"end":{"line":162,"column":47}},"162":{"start":{"line":163,"column":0},"end":{"line":163,"column":66}},"163":{"start":{"line":164,"column":0},"end":{"line":164,"column":3}},"165":{"start":{"line":166,"column":0},"end":{"line":166,"column":53}},"166":{"start":{"line":167,"column":0},"end":{"line":167,"column":63}},"168":{"start":{"line":169,"column":0},"end":{"line":169,"column":58}},"169":{"start":{"line":170,"column":0},"end":{"line":170,"column":29}},"170":{"start":{"line":171,"column":0},"end":{"line":171,"column":31}},"171":{"start":{"line":172,"column":0},"end":{"line":172,"column":3}},"173":{"start":{"line":174,"column":0},"end":{"line":174,"column":22}},"174":{"start":{"line":175,"column":0},"end":{"line":175,"column":28}},"175":{"start":{"line":176,"column":0},"end":{"line":176,"column":62}},"176":{"start":{"line":177,"column":0},"end":{"line":177,"column":3}},"178":{"start":{"line":179,"column":0},"end":{"line":179,"column":17}},"179":{"start":{"line":180,"column":0},"end":{"line":180,"column":7}},"180":{"start":{"line":181,"column":0},"end":{"line":181,"column":44}},"181":{"start":{"line":182,"column":0},"end":{"line":182,"column":30}},"182":{"start":{"line":183,"column":0},"end":{"line":183,"column":13}},"183":{"start":{"line":184,"column":0},"end":{"line":184,"column":6}},"185":{"start":{"line":186,"column":0},"end":{"line":186,"column":17}},"186":{"start":{"line":187,"column":0},"end":{"line":187,"column":20}},"187":{"start":{"line":188,"column":0},"end":{"line":188,"column":57}},"188":{"start":{"line":189,"column":0},"end":{"line":189,"column":57}},"189":{"start":{"line":190,"column":0},"end":{"line":190,"column":33}},"190":{"start":{"line":191,"column":0},"end":{"line":191,"column":75}},"191":{"start":{"line":192,"column":0},"end":{"line":192,"column":7}},"192":{"start":{"line":193,"column":0},"end":{"line":193,"column":86}},"193":{"start":{"line":194,"column":0},"end":{"line":194,"column":5}},"195":{"start":{"line":196,"column":0},"end":{"line":196,"column":36}},"196":{"start":{"line":197,"column":0},"end":{"line":197,"column":43}},"197":{"start":{"line":198,"column":0},"end":{"line":198,"column":40}},"198":{"start":{"line":199,"column":0},"end":{"line":199,"column":56}},"199":{"start":{"line":200,"column":0},"end":{"line":200,"column":29}},"200":{"start":{"line":201,"column":0},"end":{"line":201,"column":66}},"201":{"start":{"line":202,"column":0},"end":{"line":202,"column":15}},"202":{"start":{"line":203,"column":0},"end":{"line":203,"column":70}},"203":{"start":{"line":204,"column":0},"end":{"line":204,"column":3}},"204":{"start":{"line":205,"column":0},"end":{"line":205,"column":1}},"206":{"start":{"line":207,"column":0},"end":{"line":207,"column":3}},"207":{"start":{"line":208,"column":0},"end":{"line":208,"column":22}},"208":{"start":{"line":209,"column":0},"end":{"line":209,"column":29}},"209":{"start":{"line":210,"column":0},"end":{"line":210,"column":2}},"210":{"start":{"line":211,"column":0},"end":{"line":211,"column":8}},"211":{"start":{"line":212,"column":0},"end":{"line":212,"column":33}},"212":{"start":{"line":213,"column":0},"end":{"line":213,"column":16}},"213":{"start":{"line":214,"column":0},"end":{"line":214,"column":18}},"214":{"start":{"line":215,"column":0},"end":{"line":215,"column":16}},"215":{"start":{"line":216,"column":0},"end":{"line":216,"column":2}},"216":{"start":{"line":217,"column":0},"end":{"line":217,"column":27}},"217":{"start":{"line":218,"column":0},"end":{"line":218,"column":22}},"218":{"start":{"line":219,"column":0},"end":{"line":219,"column":36}},"219":{"start":{"line":220,"column":0},"end":{"line":220,"column":3}},"220":{"start":{"line":221,"column":0},"end":{"line":221,"column":52}},"221":{"start":{"line":222,"column":0},"end":{"line":222,"column":20}},"223":{"start":{"line":224,"column":0},"end":{"line":224,"column":56}},"224":{"start":{"line":225,"column":0},"end":{"line":225,"column":34}},"225":{"start":{"line":226,"column":0},"end":{"line":226,"column":48}},"227":{"start":{"line":228,"column":0},"end":{"line":228,"column":57}},"228":{"start":{"line":229,"column":0},"end":{"line":229,"column":51}},"230":{"start":{"line":231,"column":0},"end":{"line":231,"column":57}},"232":{"start":{"line":233,"column":0},"end":{"line":233,"column":22}},"233":{"start":{"line":234,"column":0},"end":{"line":234,"column":65}},"234":{"start":{"line":235,"column":0},"end":{"line":235,"column":67}},"235":{"start":{"line":236,"column":0},"end":{"line":236,"column":35}},"236":{"start":{"line":237,"column":0},"end":{"line":237,"column":5}},"237":{"start":{"line":238,"column":0},"end":{"line":238,"column":25}},"238":{"start":{"line":239,"column":0},"end":{"line":239,"column":3}},"240":{"start":{"line":241,"column":0},"end":{"line":241,"column":16}},"241":{"start":{"line":242,"column":0},"end":{"line":242,"column":1}}},"s":{"0":1,"1":1,"2":1,"3":1,"4":1,"5":1,"6":1,"7":1,"8":1,"9":1,"10":1,"11":1,"12":1,"13":1,"14":1,"15":1,"16":1,"17":1,"18":1,"19":1,"20":1,"21":1,"22":1,"23":1,"24":1,"25":1,"27":1,"28":1,"29":1,"30":1,"31":1,"32":1,"33":1,"34":1,"35":1,"36":1,"37":1,"38":15,"39":16,"40":14,"41":15,"42":15,"44":1,"45":1,"46":1,"47":1,"48":1,"49":1,"50":1,"51":1,"52":1,"53":1,"54":1,"55":1,"56":1,"57":1,"58":1,"59":12,"61":12,"62":4,"63":4,"64":7,"65":7,"66":7,"67":1,"68":1,"69":4,"70":4,"72":12,"73":12,"74":13,"75":12,"76":12,"78":12,"79":12,"81":1,"82":1,"83":1,"84":1,"85":1,"86":1,"87":1,"88":1,"89":1,"90":1,"91":1,"92":1,"93":1,"94":1,"95":1,"96":1,"97":1,"98":10,"99":10,"101":10,"102":10,"103":10,"104":10,"105":10,"107":10,"108":2,"109":2,"110":2,"111":2,"112":2,"113":2,"114":2,"116":8,"117":8,"118":8,"119":8,"121":10,"122":10,"124":1,"125":1,"126":1,"127":1,"128":1,"129":1,"130":1,"131":1,"132":1,"133":1,"134":1,"135":1,"136":1,"137":1,"138":1,"139":1,"140":1,"141":1,"142":1,"143":1,"144":1,"145":1,"146":1,"147":1,"148":1,"149":1,"150":1,"151":1,"152":1,"153":1,"154":1,"155":8,"156":8,"157":8,"158":8,"159":8,"160":8,"161":8,"162":1,"163":1,"165":7,"166":7,"168":7,"169":8,"170":2,"171":2,"173":7,"174":8,"175":1,"176":1,"178":6,"179":6,"180":6,"181":6,"182":6,"183":6,"185":4,"186":8,"187":1,"188":1,"189":1,"190":1,"191":1,"192":1,"193":1,"195":3,"196":8,"197":8,"198":8,"199":8,"200":8,"201":8,"202":2,"203":2,"204":8,"206":1,"207":1,"208":1,"209":1,"210":1,"211":1,"212":1,"213":1,"214":1,"215":1,"216":1,"217":1,"218":1,"219":1,"220":1,"221":3,"223":3,"224":3,"225":3,"227":2,"228":3,"230":3,"232":1,"233":1,"234":1,"235":1,"236":1,"237":1,"238":1,"240":3,"241":3},"branchMap":{"0":{"type":"branch","line":38,"loc":{"start":{"line":38,"column":7},"end":{"line":43,"column":1}},"locations":[{"start":{"line":38,"column":7},"end":{"line":43,"column":1}}]},"1":{"type":"branch","line":39,"loc":{"start":{"line":39,"column":34},"end":{"line":42,"column":3}},"locations":[{"start":{"line":39,"column":34},"end":{"line":42,"column":3}}]},"2":{"type":"branch","line":40,"loc":{"start":{"line":40,"column":29},"end":{"line":40,"column":41}},"locations":[{"start":{"line":40,"column":29},"end":{"line":40,"column":41}}]},"3":{"type":"branch","line":40,"loc":{"start":{"line":40,"column":36},"end":{"line":42,"column":2}},"locations":[{"start":{"line":40,"column":36},"end":{"line":42,"column":2}}]},"4":{"type":"branch","line":59,"loc":{"start":{"line":59,"column":7},"end":{"line":80,"column":1}},"locations":[{"start":{"line":59,"column":7},"end":{"line":80,"column":1}}]},"5":{"type":"branch","line":62,"loc":{"start":{"line":62,"column":15},"end":{"line":62,"column":21}},"locations":[{"start":{"line":62,"column":15},"end":{"line":62,"column":21}}]},"6":{"type":"branch","line":62,"loc":{"start":{"line":62,"column":23},"end":{"line":71,"column":3}},"locations":[{"start":{"line":62,"column":23},"end":{"line":71,"column":3}}]},"7":{"type":"branch","line":74,"loc":{"start":{"line":74,"column":62},"end":{"line":77,"column":3}},"locations":[{"start":{"line":74,"column":62},"end":{"line":77,"column":3}}]},"8":{"type":"branch","line":75,"loc":{"start":{"line":75,"column":35},"end":{"line":75,"column":43}},"locations":[{"start":{"line":75,"column":35},"end":{"line":75,"column":43}}]},"9":{"type":"branch","line":75,"loc":{"start":{"line":75,"column":35},"end":{"line":77,"column":3}},"locations":[{"start":{"line":75,"column":35},"end":{"line":77,"column":3}}]},"10":{"type":"branch","line":64,"loc":{"start":{"line":64,"column":29},"end":{"line":70,"column":5}},"locations":[{"start":{"line":64,"column":29},"end":{"line":70,"column":5}}]},"11":{"type":"branch","line":65,"loc":{"start":{"line":65,"column":30},"end":{"line":65,"column":45}},"locations":[{"start":{"line":65,"column":30},"end":{"line":65,"column":45}}]},"12":{"type":"branch","line":65,"loc":{"start":{"line":65,"column":47},"end":{"line":65,"column":53}},"locations":[{"start":{"line":65,"column":47},"end":{"line":65,"column":53}}]},"13":{"type":"branch","line":65,"loc":{"start":{"line":65,"column":47},"end":{"line":66,"column":38}},"locations":[{"start":{"line":65,"column":47},"end":{"line":66,"column":38}}]},"14":{"type":"branch","line":66,"loc":{"start":{"line":66,"column":38},"end":{"line":66,"column":44}},"locations":[{"start":{"line":66,"column":38},"end":{"line":66,"column":44}}]},"15":{"type":"branch","line":66,"loc":{"start":{"line":66,"column":44},"end":{"line":67,"column":49}},"locations":[{"start":{"line":66,"column":44},"end":{"line":67,"column":49}}]},"16":{"type":"branch","line":67,"loc":{"start":{"line":67,"column":50},"end":{"line":67,"column":68}},"locations":[{"start":{"line":67,"column":50},"end":{"line":67,"column":68}}]},"17":{"type":"branch","line":67,"loc":{"start":{"line":67,"column":70},"end":{"line":69,"column":7}},"locations":[{"start":{"line":67,"column":70},"end":{"line":69,"column":7}}]},"18":{"type":"branch","line":98,"loc":{"start":{"line":98,"column":7},"end":{"line":123,"column":1}},"locations":[{"start":{"line":98,"column":7},"end":{"line":123,"column":1}}]},"19":{"type":"branch","line":105,"loc":{"start":{"line":105,"column":25},"end":{"line":105,"column":68}},"locations":[{"start":{"line":105,"column":25},"end":{"line":105,"column":68}}]},"20":{"type":"branch","line":105,"loc":{"start":{"line":105,"column":69},"end":{"line":105,"column":75}},"locations":[{"start":{"line":105,"column":69},"end":{"line":105,"column":75}}]},"21":{"type":"branch","line":106,"loc":{"start":{"line":106,"column":29},"end":{"line":106,"column":45}},"locations":[{"start":{"line":106,"column":29},"end":{"line":106,"column":45}}]},"22":{"type":"branch","line":106,"loc":{"start":{"line":106,"column":46},"end":{"line":106,"column":51}},"locations":[{"start":{"line":106,"column":46},"end":{"line":106,"column":51}}]},"23":{"type":"branch","line":108,"loc":{"start":{"line":108,"column":49},"end":{"line":115,"column":5}},"locations":[{"start":{"line":108,"column":49},"end":{"line":115,"column":5}}]},"24":{"type":"branch","line":115,"loc":{"start":{"line":115,"column":4},"end":{"line":120,"column":3}},"locations":[{"start":{"line":115,"column":4},"end":{"line":120,"column":3}}]},"25":{"type":"branch","line":105,"loc":{"start":{"line":105,"column":37},"end":{"line":105,"column":67}},"locations":[{"start":{"line":105,"column":37},"end":{"line":105,"column":67}}]},"26":{"type":"branch","line":155,"loc":{"start":{"line":155,"column":7},"end":{"line":205,"column":1}},"locations":[{"start":{"line":155,"column":7},"end":{"line":205,"column":1}}]},"27":{"type":"branch","line":162,"loc":{"start":{"line":162,"column":46},"end":{"line":164,"column":3}},"locations":[{"start":{"line":162,"column":46},"end":{"line":164,"column":3}}]},"28":{"type":"branch","line":164,"loc":{"start":{"line":164,"column":2},"end":{"line":170,"column":28}},"locations":[{"start":{"line":164,"column":2},"end":{"line":170,"column":28}}]},"29":{"type":"branch","line":170,"loc":{"start":{"line":170,"column":28},"end":{"line":172,"column":3}},"locations":[{"start":{"line":170,"column":28},"end":{"line":172,"column":3}}]},"30":{"type":"branch","line":172,"loc":{"start":{"line":172,"column":2},"end":{"line":175,"column":27}},"locations":[{"start":{"line":172,"column":2},"end":{"line":175,"column":27}}]},"31":{"type":"branch","line":175,"loc":{"start":{"line":175,"column":27},"end":{"line":177,"column":3}},"locations":[{"start":{"line":175,"column":27},"end":{"line":177,"column":3}}]},"32":{"type":"branch","line":177,"loc":{"start":{"line":177,"column":2},"end":{"line":184,"column":6}},"locations":[{"start":{"line":177,"column":2},"end":{"line":184,"column":6}}]},"33":{"type":"branch","line":184,"loc":{"start":{"line":184,"column":5},"end":{"line":187,"column":19}},"locations":[{"start":{"line":184,"column":5},"end":{"line":187,"column":19}}]},"34":{"type":"branch","line":187,"loc":{"start":{"line":187,"column":19},"end":{"line":194,"column":5}},"locations":[{"start":{"line":187,"column":19},"end":{"line":194,"column":5}}]},"35":{"type":"branch","line":188,"loc":{"start":{"line":188,"column":44},"end":{"line":188,"column":49}},"locations":[{"start":{"line":188,"column":44},"end":{"line":188,"column":49}}]},"36":{"type":"branch","line":189,"loc":{"start":{"line":189,"column":44},"end":{"line":189,"column":49}},"locations":[{"start":{"line":189,"column":44},"end":{"line":189,"column":49}}]},"37":{"type":"branch","line":194,"loc":{"start":{"line":194,"column":4},"end":{"line":197,"column":27}},"locations":[{"start":{"line":194,"column":4},"end":{"line":197,"column":27}}]},"38":{"type":"branch","line":197,"loc":{"start":{"line":197,"column":27},"end":{"line":197,"column":37}},"locations":[{"start":{"line":197,"column":27},"end":{"line":197,"column":37}}]},"39":{"type":"branch","line":197,"loc":{"start":{"line":197,"column":38},"end":{"line":197,"column":43}},"locations":[{"start":{"line":197,"column":38},"end":{"line":197,"column":43}}]},"40":{"type":"branch","line":199,"loc":{"start":{"line":199,"column":6},"end":{"line":199,"column":56}},"locations":[{"start":{"line":199,"column":6},"end":{"line":199,"column":56}}]},"41":{"type":"branch","line":200,"loc":{"start":{"line":200,"column":6},"end":{"line":200,"column":29}},"locations":[{"start":{"line":200,"column":6},"end":{"line":200,"column":29}}]},"42":{"type":"branch","line":202,"loc":{"start":{"line":202,"column":4},"end":{"line":204,"column":3}},"locations":[{"start":{"line":202,"column":4},"end":{"line":204,"column":3}}]},"43":{"type":"branch","line":203,"loc":{"start":{"line":203,"column":46},"end":{"line":203,"column":58}},"locations":[{"start":{"line":203,"column":46},"end":{"line":203,"column":58}}]},"44":{"type":"branch","line":221,"loc":{"start":{"line":221,"column":7},"end":{"line":242,"column":1}},"locations":[{"start":{"line":221,"column":7},"end":{"line":242,"column":1}}]},"45":{"type":"branch","line":226,"loc":{"start":{"line":226,"column":40},"end":{"line":226,"column":48}},"locations":[{"start":{"line":226,"column":40},"end":{"line":226,"column":48}}]},"46":{"type":"branch","line":226,"loc":{"start":{"line":226,"column":40},"end":{"line":229,"column":45}},"locations":[{"start":{"line":226,"column":40},"end":{"line":229,"column":45}}]},"47":{"type":"branch","line":229,"loc":{"start":{"line":229,"column":46},"end":{"line":229,"column":51}},"locations":[{"start":{"line":229,"column":46},"end":{"line":229,"column":51}}]},"48":{"type":"branch","line":231,"loc":{"start":{"line":231,"column":49},"end":{"line":239,"column":3}},"locations":[{"start":{"line":231,"column":49},"end":{"line":239,"column":3}}]},"49":{"type":"branch","line":235,"loc":{"start":{"line":235,"column":59},"end":{"line":235,"column":67}},"locations":[{"start":{"line":235,"column":59},"end":{"line":235,"column":67}}]},"50":{"type":"branch","line":228,"loc":{"start":{"line":228,"column":26},"end":{"line":228,"column":56}},"locations":[{"start":{"line":228,"column":26},"end":{"line":228,"column":56}}]}},"b":{"0":[15],"1":[16],"2":[2],"3":[14],"4":[12],"5":[4],"6":[4],"7":[13],"8":[1],"9":[12],"10":[7],"11":[6],"12":[4],"13":[3],"14":[2],"15":[1],"16":[1],"17":[1],"18":[10],"19":[3],"20":[7],"21":[3],"22":[7],"23":[2],"24":[8],"25":[4],"26":[8],"27":[1],"28":[7],"29":[2],"30":[7],"31":[1],"32":[6],"33":[4],"34":[1],"35":[0],"36":[0],"37":[3],"38":[2],"39":[1],"40":[2],"41":[1],"42":[2],"43":[1],"44":[3],"45":[1],"46":[2],"47":[0],"48":[1],"49":[0],"50":[2]},"fnMap":{"0":{"name":"hasDraftChanges","decl":{"start":{"line":38,"column":7},"end":{"line":43,"column":1}},"loc":{"start":{"line":38,"column":7},"end":{"line":43,"column":1}},"line":38},"1":{"name":"buildDraftPayload","decl":{"start":{"line":59,"column":7},"end":{"line":80,"column":1}},"loc":{"start":{"line":59,"column":7},"end":{"line":80,"column":1}},"line":59},"2":{"name":"collectDrafts","decl":{"start":{"line":98,"column":7},"end":{"line":123,"column":1}},"loc":{"start":{"line":98,"column":7},"end":{"line":123,"column":1}},"line":98},"3":{"name":"saveAllDrafts","decl":{"start":{"line":155,"column":7},"end":{"line":205,"column":1}},"loc":{"start":{"line":155,"column":7},"end":{"line":205,"column":1}},"line":155},"4":{"name":"getDraftCreates","decl":{"start":{"line":221,"column":7},"end":{"line":242,"column":1}},"loc":{"start":{"line":221,"column":7},"end":{"line":242,"column":1}},"line":221}},"f":{"0":15,"1":12,"2":10,"3":8,"4":3}}
,"D:\\filework\\excel-to-diagram\\src\\services\\keyTemplateService.js": {"path":"D:\\filework\\excel-to-diagram\\src\\services\\keyTemplateService.js","all":false,"statementMap":{"0":{"start":{"line":1,"column":0},"end":{"line":1,"column":3}},"1":{"start":{"line":2,"column":0},"end":{"line":2,"column":40}},"2":{"start":{"line":3,"column":0},"end":{"line":3,"column":2}},"3":{"start":{"line":4,"column":0},"end":{"line":4,"column":54}},"4":{"start":{"line":5,"column":0},"end":{"line":5,"column":24}},"5":{"start":{"line":6,"column":0},"end":{"line":6,"column":2}},"6":{"start":{"line":7,"column":0},"end":{"line":7,"column":65}},"7":{"start":{"line":8,"column":0},"end":{"line":8,"column":28}},"8":{"start":{"line":9,"column":0},"end":{"line":9,"column":69}},"9":{"start":{"line":10,"column":0},"end":{"line":10,"column":2}},"10":{"start":{"line":11,"column":0},"end":{"line":11,"column":10}},"11":{"start":{"line":12,"column":0},"end":{"line":12,"column":38}},"12":{"start":{"line":13,"column":0},"end":{"line":13,"column":36}},"13":{"start":{"line":14,"column":0},"end":{"line":14,"column":52}},"14":{"start":{"line":15,"column":0},"end":{"line":15,"column":42}},"15":{"start":{"line":16,"column":0},"end":{"line":16,"column":2}},"16":{"start":{"line":17,"column":0},"end":{"line":17,"column":10}},"17":{"start":{"line":18,"column":0},"end":{"line":18,"column":65}},"18":{"start":{"line":19,"column":0},"end":{"line":19,"column":37}},"19":{"start":{"line":20,"column":0},"end":{"line":20,"column":63}},"20":{"start":{"line":21,"column":0},"end":{"line":21,"column":100}},"21":{"start":{"line":22,"column":0},"end":{"line":22,"column":3}},"23":{"start":{"line":24,"column":0},"end":{"line":24,"column":3}},"24":{"start":{"line":25,"column":0},"end":{"line":25,"column":31}},"25":{"start":{"line":26,"column":0},"end":{"line":26,"column":8}},"26":{"start":{"line":27,"column":0},"end":{"line":27,"column":34}},"27":{"start":{"line":28,"column":0},"end":{"line":28,"column":52}},"28":{"start":{"line":29,"column":0},"end":{"line":29,"column":44}},"29":{"start":{"line":30,"column":0},"end":{"line":30,"column":18}},"30":{"start":{"line":31,"column":0},"end":{"line":31,"column":16}},"31":{"start":{"line":32,"column":0},"end":{"line":32,"column":2}},"32":{"start":{"line":33,"column":0},"end":{"line":33,"column":46}},"33":{"start":{"line":34,"column":0},"end":{"line":34,"column":33}},"34":{"start":{"line":35,"column":0},"end":{"line":35,"column":57}},"35":{"start":{"line":36,"column":0},"end":{"line":36,"column":33}},"36":{"start":{"line":37,"column":0},"end":{"line":37,"column":3}},"37":{"start":{"line":38,"column":0},"end":{"line":38,"column":78}},"38":{"start":{"line":39,"column":0},"end":{"line":39,"column":25}},"40":{"start":{"line":41,"column":0},"end":{"line":41,"column":30}},"41":{"start":{"line":42,"column":0},"end":{"line":42,"column":33}},"42":{"start":{"line":43,"column":0},"end":{"line":43,"column":66}},"43":{"start":{"line":44,"column":0},"end":{"line":44,"column":21}},"44":{"start":{"line":45,"column":0},"end":{"line":45,"column":43}},"45":{"start":{"line":46,"column":0},"end":{"line":46,"column":6}},"47":{"start":{"line":48,"column":0},"end":{"line":48,"column":29}},"48":{"start":{"line":49,"column":0},"end":{"line":49,"column":27}},"49":{"start":{"line":50,"column":0},"end":{"line":50,"column":79}},"50":{"start":{"line":51,"column":0},"end":{"line":51,"column":21}},"51":{"start":{"line":52,"column":0},"end":{"line":52,"column":58}},"52":{"start":{"line":53,"column":0},"end":{"line":53,"column":39}},"53":{"start":{"line":54,"column":0},"end":{"line":54,"column":7}},"54":{"start":{"line":55,"column":0},"end":{"line":55,"column":6}},"56":{"start":{"line":57,"column":0},"end":{"line":57,"column":21}},"57":{"start":{"line":58,"column":0},"end":{"line":58,"column":1}},"59":{"start":{"line":60,"column":0},"end":{"line":60,"column":3}},"60":{"start":{"line":61,"column":0},"end":{"line":61,"column":35}},"61":{"start":{"line":62,"column":0},"end":{"line":62,"column":56}},"62":{"start":{"line":63,"column":0},"end":{"line":63,"column":2}},"63":{"start":{"line":64,"column":0},"end":{"line":64,"column":31}},"64":{"start":{"line":65,"column":0},"end":{"line":65,"column":43}},"65":{"start":{"line":66,"column":0},"end":{"line":66,"column":3}},"66":{"start":{"line":67,"column":0},"end":{"line":67,"column":50}},"67":{"start":{"line":68,"column":0},"end":{"line":68,"column":42}},"68":{"start":{"line":69,"column":0},"end":{"line":69,"column":65}},"69":{"start":{"line":70,"column":0},"end":{"line":70,"column":3}},"70":{"start":{"line":71,"column":0},"end":{"line":71,"column":1}},"72":{"start":{"line":73,"column":0},"end":{"line":73,"column":3}},"73":{"start":{"line":74,"column":0},"end":{"line":74,"column":32}},"74":{"start":{"line":75,"column":0},"end":{"line":75,"column":44}},"75":{"start":{"line":76,"column":0},"end":{"line":76,"column":2}},"76":{"start":{"line":77,"column":0},"end":{"line":77,"column":37}},"77":{"start":{"line":78,"column":0},"end":{"line":78,"column":39}},"78":{"start":{"line":79,"column":0},"end":{"line":79,"column":57}},"79":{"start":{"line":80,"column":0},"end":{"line":80,"column":54}},"80":{"start":{"line":81,"column":0},"end":{"line":81,"column":3}},"81":{"start":{"line":82,"column":0},"end":{"line":82,"column":76}},"82":{"start":{"line":83,"column":0},"end":{"line":83,"column":27}},"83":{"start":{"line":84,"column":0},"end":{"line":84,"column":25}},"85":{"start":{"line":86,"column":0},"end":{"line":86,"column":45}},"86":{"start":{"line":87,"column":0},"end":{"line":87,"column":79}},"88":{"start":{"line":89,"column":0},"end":{"line":89,"column":28}},"89":{"start":{"line":90,"column":0},"end":{"line":90,"column":46}},"90":{"start":{"line":91,"column":0},"end":{"line":91,"column":18}},"91":{"start":{"line":92,"column":0},"end":{"line":92,"column":30}},"92":{"start":{"line":93,"column":0},"end":{"line":93,"column":38}},"93":{"start":{"line":94,"column":0},"end":{"line":94,"column":3}},"94":{"start":{"line":95,"column":0},"end":{"line":95,"column":37}},"95":{"start":{"line":96,"column":0},"end":{"line":96,"column":1}},"97":{"start":{"line":98,"column":0},"end":{"line":98,"column":3}},"98":{"start":{"line":99,"column":0},"end":{"line":99,"column":27}},"99":{"start":{"line":100,"column":0},"end":{"line":100,"column":2}},"100":{"start":{"line":101,"column":0},"end":{"line":101,"column":8}},"101":{"start":{"line":102,"column":0},"end":{"line":102,"column":23}},"102":{"start":{"line":103,"column":0},"end":{"line":103,"column":28}},"103":{"start":{"line":104,"column":0},"end":{"line":104,"column":26}},"104":{"start":{"line":105,"column":0},"end":{"line":105,"column":43}},"105":{"start":{"line":106,"column":0},"end":{"line":106,"column":12}},"106":{"start":{"line":107,"column":0},"end":{"line":107,"column":2}},"107":{"start":{"line":108,"column":0},"end":{"line":108,"column":31}},"108":{"start":{"line":109,"column":0},"end":{"line":109,"column":39}},"109":{"start":{"line":110,"column":0},"end":{"line":110,"column":36}},"110":{"start":{"line":111,"column":0},"end":{"line":111,"column":47}},"111":{"start":{"line":112,"column":0},"end":{"line":112,"column":59}},"112":{"start":{"line":113,"column":0},"end":{"line":113,"column":57}},"113":{"start":{"line":114,"column":0},"end":{"line":114,"column":22}},"114":{"start":{"line":115,"column":0},"end":{"line":115,"column":22}},"115":{"start":{"line":116,"column":0},"end":{"line":116,"column":19}},"116":{"start":{"line":117,"column":0},"end":{"line":117,"column":33}},"117":{"start":{"line":118,"column":0},"end":{"line":118,"column":58}},"118":{"start":{"line":119,"column":0},"end":{"line":119,"column":18}},"119":{"start":{"line":120,"column":0},"end":{"line":120,"column":6}},"120":{"start":{"line":121,"column":0},"end":{"line":121,"column":3}},"121":{"start":{"line":122,"column":0},"end":{"line":122,"column":45}},"122":{"start":{"line":123,"column":0},"end":{"line":123,"column":9}},"123":{"start":{"line":124,"column":0},"end":{"line":124,"column":15}},"124":{"start":{"line":125,"column":0},"end":{"line":125,"column":14}},"125":{"start":{"line":126,"column":0},"end":{"line":126,"column":12}},"126":{"start":{"line":127,"column":0},"end":{"line":127,"column":14}},"127":{"start":{"line":128,"column":0},"end":{"line":128,"column":33}},"128":{"start":{"line":129,"column":0},"end":{"line":129,"column":3}},"129":{"start":{"line":130,"column":0},"end":{"line":130,"column":7}},"130":{"start":{"line":131,"column":0},"end":{"line":131,"column":30}},"131":{"start":{"line":132,"column":0},"end":{"line":132,"column":85}},"132":{"start":{"line":133,"column":0},"end":{"line":133,"column":49}},"133":{"start":{"line":134,"column":0},"end":{"line":134,"column":53}},"134":{"start":{"line":135,"column":0},"end":{"line":135,"column":5}},"136":{"start":{"line":137,"column":0},"end":{"line":137,"column":29}},"137":{"start":{"line":138,"column":0},"end":{"line":138,"column":43}},"138":{"start":{"line":139,"column":0},"end":{"line":139,"column":25}},"139":{"start":{"line":140,"column":0},"end":{"line":140,"column":80}},"140":{"start":{"line":141,"column":0},"end":{"line":141,"column":7}},"141":{"start":{"line":142,"column":0},"end":{"line":142,"column":58}},"142":{"start":{"line":143,"column":0},"end":{"line":143,"column":5}},"144":{"start":{"line":145,"column":0},"end":{"line":145,"column":19}},"145":{"start":{"line":146,"column":0},"end":{"line":146,"column":62}},"146":{"start":{"line":147,"column":0},"end":{"line":147,"column":22}},"147":{"start":{"line":148,"column":0},"end":{"line":148,"column":71}},"148":{"start":{"line":149,"column":0},"end":{"line":149,"column":5}},"150":{"start":{"line":151,"column":0},"end":{"line":151,"column":87}},"152":{"start":{"line":153,"column":0},"end":{"line":153,"column":19}},"153":{"start":{"line":154,"column":0},"end":{"line":154,"column":47}},"154":{"start":{"line":155,"column":0},"end":{"line":155,"column":91}},"155":{"start":{"line":156,"column":0},"end":{"line":156,"column":14}},"156":{"start":{"line":157,"column":0},"end":{"line":157,"column":22}},"157":{"start":{"line":158,"column":0},"end":{"line":158,"column":31}},"158":{"start":{"line":159,"column":0},"end":{"line":159,"column":57}},"159":{"start":{"line":160,"column":0},"end":{"line":160,"column":7}},"160":{"start":{"line":161,"column":0},"end":{"line":161,"column":5}},"161":{"start":{"line":162,"column":0},"end":{"line":162,"column":49}},"162":{"start":{"line":163,"column":0},"end":{"line":163,"column":15}},"163":{"start":{"line":164,"column":0},"end":{"line":164,"column":23}},"164":{"start":{"line":165,"column":0},"end":{"line":165,"column":52}},"165":{"start":{"line":166,"column":0},"end":{"line":166,"column":5}},"166":{"start":{"line":167,"column":0},"end":{"line":167,"column":39}},"167":{"start":{"line":168,"column":0},"end":{"line":168,"column":3}},"168":{"start":{"line":169,"column":0},"end":{"line":169,"column":1}}},"s":{"0":1,"1":1,"2":1,"3":1,"4":1,"5":1,"6":1,"7":1,"8":1,"9":1,"10":1,"11":1,"12":1,"13":1,"14":1,"15":1,"16":1,"17":1,"18":1,"19":1,"20":1,"21":1,"23":1,"24":1,"25":1,"26":1,"27":1,"28":1,"29":1,"30":1,"31":1,"32":1,"33":1,"34":1,"35":1,"36":1,"37":1,"38":11,"40":11,"41":11,"42":11,"43":11,"44":8,"45":11,"47":11,"48":11,"49":11,"50":11,"51":7,"52":2,"53":2,"54":11,"56":11,"57":11,"59":1,"60":1,"61":1,"62":1,"63":1,"64":1,"65":1,"66":1,"67":9,"68":9,"69":9,"70":9,"72":1,"73":1,"74":1,"75":1,"76":1,"77":1,"78":1,"79":1,"80":1,"81":1,"82":3,"83":3,"85":3,"86":3,"88":3,"89":3,"90":3,"91":1,"92":1,"93":1,"94":2,"95":2,"97":1,"98":1,"99":1,"100":1,"101":1,"102":1,"103":1,"104":1,"105":1,"106":1,"107":1,"108":1,"109":1,"110":1,"111":1,"112":1,"113":1,"114":1,"115":1,"116":1,"117":1,"118":1,"119":1,"120":1,"121":1,"122":5,"123":5,"124":5,"125":5,"126":5,"127":5,"128":5,"129":5,"130":5,"131":5,"132":5,"133":1,"134":1,"136":4,"137":5,"138":0,"139":0,"140":0,"141":0,"142":0,"144":4,"145":5,"146":5,"147":0,"148":0,"150":4,"152":2,"153":5,"154":1,"155":1,"156":1,"157":1,"158":1,"159":1,"160":1,"161":1,"162":5,"163":2,"164":1,"165":1,"166":2,"167":2,"168":5},"branchMap":{"0":{"type":"branch","line":38,"loc":{"start":{"line":38,"column":7},"end":{"line":58,"column":1}},"locations":[{"start":{"line":38,"column":7},"end":{"line":58,"column":1}}]},"1":{"type":"branch","line":42,"loc":{"start":{"line":42,"column":27},"end":{"line":42,"column":32}},"locations":[{"start":{"line":42,"column":27},"end":{"line":42,"column":32}}]},"2":{"type":"branch","line":49,"loc":{"start":{"line":49,"column":21},"end":{"line":49,"column":26}},"locations":[{"start":{"line":49,"column":21},"end":{"line":49,"column":26}}]},"3":{"type":"branch","line":43,"loc":{"start":{"line":43,"column":12},"end":{"line":43,"column":65}},"locations":[{"start":{"line":43,"column":12},"end":{"line":43,"column":65}}]},"4":{"type":"branch","line":43,"loc":{"start":{"line":43,"column":43},"end":{"line":43,"column":65}},"locations":[{"start":{"line":43,"column":43},"end":{"line":43,"column":65}}]},"5":{"type":"branch","line":44,"loc":{"start":{"line":44,"column":13},"end":{"line":46,"column":5}},"locations":[{"start":{"line":44,"column":13},"end":{"line":46,"column":5}}]},"6":{"type":"branch","line":50,"loc":{"start":{"line":50,"column":12},"end":{"line":50,"column":78}},"locations":[{"start":{"line":50,"column":12},"end":{"line":50,"column":78}}]},"7":{"type":"branch","line":50,"loc":{"start":{"line":50,"column":40},"end":{"line":50,"column":62}},"locations":[{"start":{"line":50,"column":40},"end":{"line":50,"column":62}}]},"8":{"type":"branch","line":50,"loc":{"start":{"line":50,"column":63},"end":{"line":50,"column":78}},"locations":[{"start":{"line":50,"column":63},"end":{"line":50,"column":78}}]},"9":{"type":"branch","line":51,"loc":{"start":{"line":51,"column":13},"end":{"line":55,"column":5}},"locations":[{"start":{"line":51,"column":13},"end":{"line":55,"column":5}}]},"10":{"type":"branch","line":52,"loc":{"start":{"line":52,"column":33},"end":{"line":52,"column":55}},"locations":[{"start":{"line":52,"column":33},"end":{"line":52,"column":55}}]},"11":{"type":"branch","line":52,"loc":{"start":{"line":52,"column":57},"end":{"line":54,"column":7}},"locations":[{"start":{"line":52,"column":57},"end":{"line":54,"column":7}}]},"12":{"type":"branch","line":67,"loc":{"start":{"line":67,"column":7},"end":{"line":71,"column":1}},"locations":[{"start":{"line":67,"column":7},"end":{"line":71,"column":1}}]},"13":{"type":"branch","line":69,"loc":{"start":{"line":69,"column":4},"end":{"line":69,"column":65}},"locations":[{"start":{"line":69,"column":4},"end":{"line":69,"column":65}}]},"14":{"type":"branch","line":69,"loc":{"start":{"line":69,"column":21},"end":{"line":69,"column":32}},"locations":[{"start":{"line":69,"column":21},"end":{"line":69,"column":32}}]},"15":{"type":"branch","line":69,"loc":{"start":{"line":69,"column":33},"end":{"line":69,"column":46}},"locations":[{"start":{"line":69,"column":33},"end":{"line":69,"column":46}}]},"16":{"type":"branch","line":69,"loc":{"start":{"line":69,"column":47},"end":{"line":69,"column":65}},"locations":[{"start":{"line":69,"column":47},"end":{"line":69,"column":65}}]},"17":{"type":"branch","line":82,"loc":{"start":{"line":82,"column":7},"end":{"line":96,"column":1}},"locations":[{"start":{"line":82,"column":7},"end":{"line":96,"column":1}}]},"18":{"type":"branch","line":91,"loc":{"start":{"line":91,"column":17},"end":{"line":94,"column":3}},"locations":[{"start":{"line":91,"column":17},"end":{"line":94,"column":3}}]},"19":{"type":"branch","line":94,"loc":{"start":{"line":94,"column":2},"end":{"line":96,"column":1}},"locations":[{"start":{"line":94,"column":2},"end":{"line":96,"column":1}}]},"20":{"type":"branch","line":122,"loc":{"start":{"line":122,"column":7},"end":{"line":169,"column":1}},"locations":[{"start":{"line":122,"column":7},"end":{"line":169,"column":1}}]},"21":{"type":"branch","line":133,"loc":{"start":{"line":133,"column":48},"end":{"line":135,"column":5}},"locations":[{"start":{"line":133,"column":48},"end":{"line":135,"column":5}}]},"22":{"type":"branch","line":135,"loc":{"start":{"line":135,"column":4},"end":{"line":138,"column":42}},"locations":[{"start":{"line":135,"column":4},"end":{"line":138,"column":42}}]},"23":{"type":"branch","line":138,"loc":{"start":{"line":138,"column":42},"end":{"line":143,"column":5}},"locations":[{"start":{"line":138,"column":42},"end":{"line":143,"column":5}}]},"24":{"type":"branch","line":143,"loc":{"start":{"line":143,"column":4},"end":{"line":146,"column":42}},"locations":[{"start":{"line":143,"column":4},"end":{"line":146,"column":42}}]},"25":{"type":"branch","line":146,"loc":{"start":{"line":146,"column":42},"end":{"line":146,"column":62}},"locations":[{"start":{"line":146,"column":42},"end":{"line":146,"column":62}}]},"26":{"type":"branch","line":147,"loc":{"start":{"line":147,"column":21},"end":{"line":149,"column":5}},"locations":[{"start":{"line":147,"column":21},"end":{"line":149,"column":5}}]},"27":{"type":"branch","line":149,"loc":{"start":{"line":149,"column":4},"end":{"line":151,"column":87}},"locations":[{"start":{"line":149,"column":4},"end":{"line":151,"column":87}}]},"28":{"type":"branch","line":151,"loc":{"start":{"line":151,"column":86},"end":{"line":154,"column":23}},"locations":[{"start":{"line":151,"column":86},"end":{"line":154,"column":23}}]},"29":{"type":"branch","line":154,"loc":{"start":{"line":154,"column":24},"end":{"line":154,"column":44}},"locations":[{"start":{"line":154,"column":24},"end":{"line":154,"column":44}}]},"30":{"type":"branch","line":154,"loc":{"start":{"line":154,"column":46},"end":{"line":163,"column":4}},"locations":[{"start":{"line":154,"column":46},"end":{"line":163,"column":4}}]},"31":{"type":"branch","line":163,"loc":{"start":{"line":163,"column":4},"end":{"line":168,"column":3}},"locations":[{"start":{"line":163,"column":4},"end":{"line":168,"column":3}}]},"32":{"type":"branch","line":164,"loc":{"start":{"line":164,"column":22},"end":{"line":166,"column":5}},"locations":[{"start":{"line":164,"column":22},"end":{"line":166,"column":5}}]}},"b":{"0":[11],"1":[1],"2":[1],"3":[11],"4":[9],"5":[8],"6":[17],"7":[11],"8":[7],"9":[7],"10":[2],"11":[2],"12":[9],"13":[9],"14":[8],"15":[7],"16":[6],"17":[3],"18":[1],"19":[2],"20":[5],"21":[1],"22":[4],"23":[0],"24":[4],"25":[0],"26":[0],"27":[4],"28":[2],"29":[2],"30":[1],"31":[2],"32":[1]},"fnMap":{"0":{"name":"extractParentParams","decl":{"start":{"line":38,"column":7},"end":{"line":58,"column":1}},"loc":{"start":{"line":38,"column":7},"end":{"line":58,"column":1}},"line":38},"1":{"name":"hasInvalidParentId","decl":{"start":{"line":67,"column":7},"end":{"line":71,"column":1}},"loc":{"start":{"line":67,"column":7},"end":{"line":71,"column":1}},"line":67},"2":{"name":"applyKeyTemplateSuggestion","decl":{"start":{"line":82,"column":7},"end":{"line":96,"column":1}},"loc":{"start":{"line":82,"column":7},"end":{"line":96,"column":1}},"line":82},"3":{"name":"suggestKeyTemplateCode","decl":{"start":{"line":122,"column":7},"end":{"line":169,"column":1}},"loc":{"start":{"line":122,"column":7},"end":{"line":169,"column":1}},"line":122},"4":{"name":"isVueInternalProp","decl":{"start":{"line":128,"column":22},"end":{"line":128,"column":33}},"loc":{"start":{"line":128,"column":22},"end":{"line":128,"column":33}},"line":128}},"f":{"0":11,"1":9,"2":3,"3":5,"4":0}}
}
